#
# There is insufficient memory for the Java Runtime Environment to continue.
# Native memory allocation (mmap) failed to map 257949696 bytes for G1 virtual space
# Possible reasons:
#   The system is out of physical RAM or swap space
#   The process is running with CompressedOops enabled, and the Java Heap may be blocking the growth of the native heap
# Possible solutions:
#   Reduce memory load on the system
#   Increase physical memory or swap space
#   Check if swap backing store is full
#   Decrease Java heap size (-Xmx/-Xms)
#   Decrease number of Java threads
#   Decrease Java thread stack sizes (-Xss)
#   Set larger code cache with -XX:ReservedCodeCacheSize=
#   JVM is running with Zero Based Compressed Oops mode in which the Java heap is
#     placed in the first 32GB address space. The Java Heap base address is the
#     maximum limit for the native heap growth. Please use -XX:HeapBaseMinAddress
#     to set the Java Heap base and to place the Java Heap above 32GB virtual address.
# This output file may be truncated or incomplete.
#
#  Out of Memory Error (os_windows.cpp:3825), pid=25916, tid=34676
#
# JRE version:  (17.0.9+7) (build )
# Java VM: OpenJDK 64-Bit Server VM (17.0.9+7-b1087.7, mixed mode, sharing, tiered, compressed oops, compressed class ptrs, g1 gc, windows-amd64)
# No core dump will be written. Minidumps are not enabled by default on client versions of Windows
#

---------------  S U M M A R Y ------------

Command Line: git4idea.http.GitAskPassApp Username for 'https://github.students.cs.ubc.ca': 

Host: AMD Ryzen 7 4800U with Radeon Graphics         , 16 cores, 15G,  Windows 11 , 64 bit Build 22621 (10.0.22621.3235)
Time: Fri Mar 22 09:54:54 2024 China Standard Time elapsed time: 0.010930 seconds (0d 0h 0m 0s)

---------------  T H R E A D  ---------------

Current thread (0x000001e88a02b7d0):  JavaThread "Unknown thread" [_thread_in_vm, id=34676, stack(0x0000002930700000,0x0000002930800000)]

Stack: [0x0000002930700000,0x0000002930800000]
Native frames: (J=compiled Java code, j=interpreted, Vv=VM code, C=native code)
V  [jvm.dll+0x6886e9]
V  [jvm.dll+0x841e4a]
V  [jvm.dll+0x843a8e]
V  [jvm.dll+0x8440f3]
V  [jvm.dll+0x24c14f]
V  [jvm.dll+0x685499]
V  [jvm.dll+0x679c2a]
V  [jvm.dll+0x30cf9b]
V  [jvm.dll+0x314446]
V  [jvm.dll+0x36425e]
V  [jvm.dll+0x36448f]
V  [jvm.dll+0x2e2d68]
V  [jvm.dll+0x2e3cd4]
V  [jvm.dll+0x8129f1]
V  [jvm.dll+0x3720c1]
V  [jvm.dll+0x7f152c]
V  [jvm.dll+0x3f5d4f]
V  [jvm.dll+0x3f7981]
C  [jli.dll+0x528f]
C  [ucrtbase.dll+0x29363]
C  [KERNEL32.DLL+0x1257d]
C  [ntdll.dll+0x5aa58]


---------------  P R O C E S S  ---------------

Threads class SMR info:
_java_thread_list=0x00007ffd015eef18, length=0, elements={
}

Java Threads: ( => current thread )

Other Threads:
  0x000001e88a094870 GCTaskThread "GC Thread#0" [stack: 0x0000002930800000,0x0000002930900000] [id=34720]
  0x000001e88a0a5da0 ConcurrentGCThread "G1 Main Marker" [stack: 0x0000002930900000,0x0000002930a00000] [id=10124]
  0x000001e88a0a67c0 ConcurrentGCThread "G1 Conc#0" [stack: 0x0000002930a00000,0x0000002930b00000] [id=38676]

[error occurred during error reporting (printing all threads), id 0xc0000005, EXCEPTION_ACCESS_VIOLATION (0xc0000005) at pc=0x00007ffd00da3937]

VM state: not at safepoint (not fully initialized)

VM Mutex/Monitor currently owned by a thread:  ([mutex/lock_event])
[0x000001e88a026380] Heap_lock - owner thread: 0x000001e88a02b7d0

Heap address: 0x000000070a200000, size: 3934 MB, Compressed Oops mode: Zero based, Oop shift amount: 3

CDS archive(s) mapped at: [0x0000000000000000-0x0000000000000000-0x0000000000000000), size 0, SharedBaseAddress: 0x0000000800000000, ArchiveRelocationMode: 1.
Narrow klass base: 0x0000000000000000, Narrow klass shift: 0, Narrow klass range: 0x0

GC Precious Log:
<Empty>

Heap:
 garbage-first heap   total 0K, used 0K [0x000000070a200000, 0x0000000800000000)
  region size 2048K, 0 young (0K), 0 survivors (0K)
 Metaspace       used 0K, committed 0K, reserved 0K
  class space    used 0K, committed 0K, reserved 0K

Heap Regions: E=young(eden), S=young(survivor), O=old, HS=humongous(starts), HC=humongous(continues), CS=collection set, F=free, OA=open archive, CA=closed archive, TAMS=top-at-mark-start (previous, next)

Card table byte_map: [0x000001e89d7e0000,0x000001e89df90000] _byte_map_base: 0x000001e899f8f000

Marking Bits (Prev, Next): (CMBitMap*) 0x000001e88a095ea0, (CMBitMap*) 0x000001e88a095ee0
 Prev Bits: [0x000001e89e740000, 0x000001e8a24b8000)
 Next Bits: [0x000001e8a24c0000, 0x000001e8a6238000)

GC Heap History (0 events):
No events

Dll operation events (1 events):
Event: 0.007 Loaded shared library D:\setup\Intelli\IntelliJ IDEA Community Edition 2023.3.1\jbr\bin\java.dll

Deoptimization events (0 events):
No events

Classes unloaded (0 events):
No events

Classes redefined (0 events):
No events

Internal exceptions (0 events):
No events

VM Operations (0 events):
No events

Events (0 events):
No events


Dynamic libraries:
0x00007ff6a44d0000 - 0x00007ff6a44da000 	D:\setup\Intelli\IntelliJ IDEA Community Edition 2023.3.1\jbr\bin\java.exe
0x00007ffd94570000 - 0x00007ffd94786000 	C:\WINDOWS\SYSTEM32\ntdll.dll
0x00007ffd93060000 - 0x00007ffd93124000 	C:\WINDOWS\System32\KERNEL32.DLL
0x00007ffd91d20000 - 0x00007ffd920c6000 	C:\WINDOWS\System32\KERNELBASE.dll
0x00007ffd91c00000 - 0x00007ffd91d11000 	C:\WINDOWS\System32\ucrtbase.dll
0x00007ffd7d430000 - 0x00007ffd7d44b000 	D:\setup\Intelli\IntelliJ IDEA Community Edition 2023.3.1\jbr\bin\VCRUNTIME140.dll
0x00007ffd73cf0000 - 0x00007ffd73d07000 	D:\setup\Intelli\IntelliJ IDEA Community Edition 2023.3.1\jbr\bin\jli.dll
0x00007ffd92ea0000 - 0x00007ffd9304d000 	C:\WINDOWS\System32\USER32.dll
0x00007ffd91a60000 - 0x00007ffd91a86000 	C:\WINDOWS\System32\win32u.dll
0x00007ffd92cf0000 - 0x00007ffd92d19000 	C:\WINDOWS\System32\GDI32.dll
0x00007ffd921a0000 - 0x00007ffd922b8000 	C:\WINDOWS\System32\gdi32full.dll
0x00007ffd920d0000 - 0x00007ffd9216a000 	C:\WINDOWS\System32\msvcp_win.dll
0x00007ffd7c710000 - 0x00007ffd7c9a3000 	C:\WINDOWS\WinSxS\amd64_microsoft.windows.common-controls_6595b64144ccf1df_6.0.22621.3235_none_270f74e173860f98\COMCTL32.dll
0x00007ffd93c30000 - 0x00007ffd93cd7000 	C:\WINDOWS\System32\msvcrt.dll
0x00007ffd94390000 - 0x00007ffd943c1000 	C:\WINDOWS\System32\IMM32.DLL
0x00007ffd8ba20000 - 0x00007ffd8ba2c000 	D:\setup\Intelli\IntelliJ IDEA Community Edition 2023.3.1\jbr\bin\vcruntime140_1.dll
0x00007ffd77b40000 - 0x00007ffd77bcd000 	D:\setup\Intelli\IntelliJ IDEA Community Edition 2023.3.1\jbr\bin\msvcp140.dll
0x00007ffd00ab0000 - 0x00007ffd01733000 	D:\setup\Intelli\IntelliJ IDEA Community Edition 2023.3.1\jbr\bin\server\jvm.dll
0x00007ffd94280000 - 0x00007ffd94332000 	C:\WINDOWS\System32\ADVAPI32.dll
0x00007ffd939c0000 - 0x00007ffd93a68000 	C:\WINDOWS\System32\sechost.dll
0x00007ffd92170000 - 0x00007ffd92198000 	C:\WINDOWS\System32\bcrypt.dll
0x00007ffd93880000 - 0x00007ffd93995000 	C:\WINDOWS\System32\RPCRT4.dll
0x00007ffd91220000 - 0x00007ffd9126d000 	C:\WINDOWS\SYSTEM32\POWRPROF.dll
0x00007ffd82520000 - 0x00007ffd82529000 	C:\WINDOWS\SYSTEM32\WSOCK32.dll
0x00007ffd871d0000 - 0x00007ffd871da000 	C:\WINDOWS\SYSTEM32\VERSION.dll
0x00007ffd93380000 - 0x00007ffd933f1000 	C:\WINDOWS\System32\WS2_32.dll
0x00007ffd8a4d0000 - 0x00007ffd8a504000 	C:\WINDOWS\SYSTEM32\WINMM.dll
0x00007ffd91160000 - 0x00007ffd91173000 	C:\WINDOWS\SYSTEM32\UMPDC.dll
0x00007ffd908c0000 - 0x00007ffd908d8000 	C:\WINDOWS\SYSTEM32\kernel.appcore.dll
0x00007ffd8bb80000 - 0x00007ffd8bb8a000 	D:\setup\Intelli\IntelliJ IDEA Community Edition 2023.3.1\jbr\bin\jimage.dll
0x00007ffd8f1f0000 - 0x00007ffd8f423000 	C:\WINDOWS\SYSTEM32\DBGHELP.DLL
0x00007ffd934f0000 - 0x00007ffd93878000 	C:\WINDOWS\System32\combase.dll
0x00007ffd93410000 - 0x00007ffd934e7000 	C:\WINDOWS\System32\OLEAUT32.dll
0x00007ffd88470000 - 0x00007ffd884a2000 	C:\WINDOWS\SYSTEM32\dbgcore.DLL
0x00007ffd919e0000 - 0x00007ffd91a5a000 	C:\WINDOWS\System32\bcryptPrimitives.dll
0x00007ffd84990000 - 0x00007ffd849b5000 	D:\setup\Intelli\IntelliJ IDEA Community Edition 2023.3.1\jbr\bin\java.dll

dbghelp: loaded successfully - version: 4.0.5 - missing functions: none
symbol engine: initialized successfully - sym options: 0x614 - pdb path: .;D:\setup\Intelli\IntelliJ IDEA Community Edition 2023.3.1\jbr\bin;C:\WINDOWS\SYSTEM32;C:\WINDOWS\WinSxS\amd64_microsoft.windows.common-controls_6595b64144ccf1df_6.0.22621.3235_none_270f74e173860f98;D:\setup\Intelli\IntelliJ IDEA Community Edition 2023.3.1\jbr\bin\server

VM Arguments:
java_command: git4idea.http.GitAskPassApp Username for 'https://github.students.cs.ubc.ca': 
java_class_path (initial): D:/setup/Intelli/IntelliJ IDEA Community Edition 2023.3.1/plugins/vcs-git/lib/git4idea-rt.jar;D:/setup/Intelli/IntelliJ IDEA Community Edition 2023.3.1/lib/externalProcess-rt.jar
Launcher Type: SUN_STANDARD

[Global flags]
     intx CICompilerCount                          = 12                                        {product} {ergonomic}
     uint ConcGCThreads                            = 3                                         {product} {ergonomic}
     uint G1ConcRefinementThreads                  = 13                                        {product} {ergonomic}
   size_t G1HeapRegionSize                         = 2097152                                   {product} {ergonomic}
    uintx GCDrainStackTargetSize                   = 64                                        {product} {ergonomic}
   size_t InitialHeapSize                          = 257949696                                 {product} {ergonomic}
   size_t MarkStackSize                            = 4194304                                   {product} {ergonomic}
   size_t MaxHeapSize                              = 4125097984                                {product} {ergonomic}
   size_t MinHeapDeltaBytes                        = 2097152                                   {product} {ergonomic}
   size_t MinHeapSize                              = 8388608                                   {product} {ergonomic}
    uintx NonNMethodCodeHeapSize                   = 7602480                                {pd product} {ergonomic}
    uintx NonProfiledCodeHeapSize                  = 122027880                              {pd product} {ergonomic}
    uintx ProfiledCodeHeapSize                     = 122027880                              {pd product} {ergonomic}
    uintx ReservedCodeCacheSize                    = 251658240                              {pd product} {ergonomic}
     bool SegmentedCodeCache                       = true                                      {product} {ergonomic}
   size_t SoftMaxHeapSize                          = 4125097984                             {manageable} {ergonomic}
     bool UseCompressedClassPointers               = true                           {product lp64_product} {ergonomic}
     bool UseCompressedOops                        = true                           {product lp64_product} {ergonomic}
     bool UseG1GC                                  = true                                      {product} {ergonomic}
     bool UseLargePagesIndividualAllocation        = false                                  {pd product} {ergonomic}

Logging:
Log output configuration:
 #0: stdout all=warning uptime,level,tags
 #1: stderr all=off uptime,level,tags

Environment Variables:
PATH=D:/setup/Git/mingw64/libexec/git-core;D:/setup/Git/mingw64/libexec/git-core;D:\setup\Git\mingw64\bin;D:\setup\Git\usr\bin;C:\Users\wr201\bin;C:\WINDOWS\system32;C:\WINDOWS;C:\WINDOWS\System32\Wbem;C:\WINDOWS\System32\WindowsPowerShell\v1.0\;C:\WINDOWS\System32\OpenSSH\;D:\SAS9.4M7\SASHome\SASFoundation\9.4\core\sasexe;D:\SAS9.4M7\SASHome\SASFoundation\9.4\ets\sasexe;D:\SAS9.4M7\SASHome\Secure\ccme4;D:\SAS9.4M7\SASHome\x86\Secure\ccme4;D:\setup\Git\cmd;C:\Users\wr201\AppData\Local\Microsoft\WindowsApps;D:\setup\Microsoft VS Code\bin;C:\Users\wr201\AppData\Local\gitkraken\bin
USERNAME=wr201
DISPLAY=:0.0
LC_ALL=en_US.UTF-8
TERM=xterm-256color
TMPDIR=C:\Users\wr201\AppData\Local\Temp
OS=Windows_NT
PROCESSOR_IDENTIFIER=AMD64 Family 23 Model 96 Stepping 1, AuthenticAMD
TMP=C:\Users\wr201\AppData\Local\Temp
TEMP=C:\Users\wr201\AppData\Local\Temp



Periodic native trim disabled

JNI global refs:
JNI global refs: 0, weak refs: 0

JNI global refs memory usage: 0, weak refs: 0

OOME stack traces (most recent first):
Classloader memory used:


---------------  S Y S T E M  ---------------

OS:
 Windows 11 , 64 bit Build 22621 (10.0.22621.3235)
OS uptime: 8 days 12:59 hours
Hyper-V role detected

CPU: total 16 (initial active 16) (16 cores per cpu, 2 threads per core) family 23 model 96 stepping 1 microcode 0x0, cx8, cmov, fxsr, ht, mmx, 3dnowpref, sse, sse2, sse3, ssse3, sse4a, sse4.1, sse4.2, popcnt, lzcnt, tsc, tscinvbit, avx, avx2, aes, clmul, bmi1, bmi2, adx, sha, fma, vzeroupper, clflush, clflushopt, hv
Processor Information for all 16 processors :
  Max Mhz: 1800, Current Mhz: 1800, Mhz Limit: 1800

Memory: 4k page, system-wide physical 15734M (1180M free)
TotalPageFile size 28534M (AvailPageFile size 122M)
current process WorkingSet (physical memory assigned to process): 11M, peak: 11M
current process commit charge ("private bytes"): 70M, peak: 316M

vm_info: OpenJDK 64-Bit Server VM (17.0.9+7-b1087.7) for windows-amd64 JRE (17.0.9+7-b1087.7), built on 2023-11-17 by "builduser" with MS VC++ 16.10 / 16.11 (VS2019)

END.
